2026-01-10 13:42:32,787 - ERROR - Market BUY FAILED: APIError(code=-4164): Order's notional must be no smaller than 100 (unless you choose reduce only).
2026-01-10 13:42:33,204 - ERROR - Market SELL FAILED: APIError(code=-4164): Order's notional must be no smaller than 100 (unless you choose reduce only).
2026-01-10 13:43:57,911 - INFO - Market BUY BTCUSDT qty=0.003 \u2192 SUCCESS: {'orderId': 11560496035, 'symbol': 'BTCUSDT', 'status': 'NEW', 'clientOrderId': 'x-Cb7ytekJ21dbbd009c009f7a53eedf', 'price': '0.00', 'avgPrice': '0.00', 'origQty': '0.003', 'executedQty': '0.000', 'cumQty': '0.000', 'cumQuote': '0.00000', 'timeInForce': 'GTC', 'type': 'MARKET', 'reduceOnly': False, 'closePosition': False, 'side': 'BUY', 'positionSide': 'BOTH', 'stopPrice': '0.00', 'workingType': 'CONTRACT_PRICE', 'priceProtect': False, 'origType': 'MARKET', 'priceMatch': 'NONE', 'selfTradePreventionMode': 'EXPIRE_MAKER', 'goodTillDate': 0, 'updateTime': 1768032838326}
2026-01-10 13:43:58,426 - INFO - Market SELL BTCUSDT qty=0.003 \u2192 SUCCESS: {'orderId': 11560496229, 'symbol': 'BTCUSDT', 'status': 'NEW', 'clientOrderId': 'x-Cb7ytekJ412e703c7fec9167ae75b0', 'price': '0.00', 'avgPrice': '0.00', 'origQty': '0.003', 'executedQty': '0.000', 'cumQty': '0.000', 'cumQuote': '0.00000', 'timeInForce': 'GTC', 'type': 'MARKET', 'reduceOnly': False, 'closePosition': False, 'side': 'SELL', 'positionSide': 'BOTH', 'stopPrice': '0.00', 'workingType': 'CONTRACT_PRICE', 'priceProtect': False, 'origType': 'MARKET', 'priceMatch': 'NONE', 'selfTradePreventionMode': 'EXPIRE_MAKER', 'goodTillDate': 0, 'updateTime': 1768032838953}
2026-01-10 13:47:23,574 - ERROR - LIMIT BUY FAILED: APIError(code=-4164): Order's notional must be no smaller than 100 (unless you choose reduce only).
2026-01-10 13:47:24,055 - ERROR - LIMIT SELL FAILED: APIError(code=-4024): Limit price can't be lower than 86083.46.
2026-01-10 13:48:07,710 - ERROR - LIMIT BUY FAILED: APIError(code=-4014): Price not increased by tick size.
2026-01-10 13:48:07,883 - ERROR - LIMIT SELL FAILED: APIError(code=-4014): Price not increased by tick size.
2026-01-10 13:48:51,108 - ERROR - LIMIT BUY FAILED: APIError(code=-4014): Price not increased by tick size.
2026-01-10 13:48:51,673 - ERROR - LIMIT SELL FAILED: APIError(code=-4014): Price not increased by tick size.
2026-01-10 13:49:48,596 - ERROR - LIMIT BUY FAILED: APIError(code=-1111): Precision is over the maximum defined for this asset.
2026-01-10 13:49:49,171 - INFO - LIMIT SELL BTCUSDT qty=0.002@91495.0 SUCCESS {'orderId': 11560598871, 'symbol': 'BTCUSDT', 'status': 'NEW', 'clientOrderId': 'x-Cb7ytekJb19705258e42d666eb6dd0', 'price': '91495.00', 'avgPrice': '0.00', 'origQty': '0.002', 'executedQty': '0.000', 'cumQty': '0.000', 'cumQuote': '0.00000', 'timeInForce': 'GTC', 'type': 'LIMIT', 'reduceOnly': False, 'closePosition': False, 'side': 'SELL', 'positionSide': 'BOTH', 'stopPrice': '0.00', 'workingType': 'CONTRACT_PRICE', 'priceProtect': False, 'origType': 'LIMIT', 'priceMatch': 'NONE', 'selfTradePreventionMode': 'EXPIRE_MAKER', 'goodTillDate': 0, 'updateTime': 1768033189669}
2026-01-10 13:54:42,917 - ERROR - LIMIT BUY FAILED: APIError(code=-4164): Order's notional must be no smaller than 100 (unless you choose reduce only).
2026-01-10 13:54:45,453 - ERROR - LIMIT SELL FAILED: APIError(code=-4164): Order's notional must be no smaller than 100 (unless you choose reduce only).
2026-01-10 14:10:32,487 - ERROR - Market SELL FAILED: APIError(code=-2019): Margin is insufficient.
2026-01-10 14:32:20,341 - ERROR - User input error: Order type must be market or limit
2026-01-10 14:32:21,703 - ERROR - User input error: Order type must be market or limit
2026-01-10 14:32:22,367 - ERROR - User input error: Order type must be market or limit
2026-01-10 14:32:22,699 - ERROR - User input error: Order type must be market or limit
2026-01-10 14:32:22,875 - ERROR - User input error: Order type must be market or limit
2026-01-10 14:32:23,043 - ERROR - User input error: Order type must be market or limit
2026-01-10 14:32:23,213 - ERROR - User input error: Order type must be market or limit
2026-01-10 14:32:23,360 - ERROR - User input error: Order type must be market or limit
2026-01-10 14:37:43,763 - ERROR - User input error: Symbol FHEW is invalid. Choose from: BTCUSDT, ETHUSDT, BCHUSDT, XRPUSDT, EOSUSDT ...
2026-01-10 14:38:34,205 - ERROR - OCO FAILED: APIError(code=-4005): Quantity greater than max quantity.
2026-01-10 14:39:46,013 - ERROR - OCO FAILED: APIError(code=-4024): Limit price can't be lower than 86078.69.
2026-01-10 14:40:49,418 - ERROR - OCO FAILED: APIError(code=-4164): Order's notional must be no smaller than 100 (unless you choose reduce only).
2026-01-10 14:41:45,870 - INFO - OCO Take Profit ORDER: {'orderId': 11561521548, 'symbol': 'BTCUSDT', 'status': 'NEW', 'clientOrderId': 'x-Cb7ytekJ5061c1fb7c13d7e17e46d7', 'price': '87500.00', 'avgPrice': '0.00', 'origQty': '0.002', 'executedQty': '0.000', 'cumQty': '0.000', 'cumQuote': '0.00000', 'timeInForce': 'GTC', 'type': 'LIMIT', 'reduceOnly': False, 'closePosition': False, 'side': 'SELL', 'positionSide': 'BOTH', 'stopPrice': '0.00', 'workingType': 'CONTRACT_PRICE', 'priceProtect': False, 'origType': 'LIMIT', 'priceMatch': 'NONE', 'selfTradePreventionMode': 'EXPIRE_MAKER', 'goodTillDate': 0, 'updateTime': 1768036306352}
2026-01-10 14:41:46,042 - INFO - OCO Stop-Loss ORDER: {'orderId': 11561521650, 'symbol': 'BTCUSDT', 'status': 'NEW', 'clientOrderId': 'x-Cb7ytekJ5389fdc38ac4a1f565eb', 'price': '85550.00', 'avgPrice': '0.00', 'origQty': '0.002', 'executedQty': '0.000', 'cumQty': '0.000', 'cumQuote': '0.00000', 'timeInForce': 'GTC', 'type': 'STOP', 'reduceOnly': False, 'closePosition': False, 'side': 'SELL', 'positionSide': 'BOTH', 'stopPrice': '85500.00', 'workingType': 'CONTRACT_PRICE', 'priceProtect': False, 'origType': 'STOP', 'priceMatch': 'NONE', 'selfTradePreventionMode': 'EXPIRE_MAKER', 'goodTillDate': 0, 'updateTime': 1768036306518}
2026-01-10 15:55:32,941 - ERROR - User input error: Side must be BUY or SELL
2026-01-10 15:55:47,327 - ERROR - Market BUY FAILED: APIError(code=-2019): Margin is insufficient.
2026-01-10 20:29:49,370 - ERROR - Market BUY FAILED: APIError(code=-2019): Margin is insufficient.
2026-01-10 20:30:43,087 - ERROR - User input error: Order type must be one of: market, limit, stop-limit, oco, twap, grid
2026-01-10 20:30:46,296 - ERROR - User input error: Order type must be one of: market, limit, stop-limit, oco, twap, grid
2026-01-10 20:30:58,312 - INFO - Market BUY BTCUSDT qty=1.0 \u2192 SUCCESS: {'orderId': 11567745516, 'symbol': 'BTCUSDT', 'status': 'NEW', 'clientOrderId': 'x-Cb7ytekJc0d410bb802636f8d93aa9', 'price': '0.00', 'avgPrice': '0.00', 'origQty': '1.000', 'executedQty': '0.000', 'cumQty': '0.000', 'cumQuote': '0.00000', 'timeInForce': 'GTC', 'type': 'MARKET', 'reduceOnly': False, 'closePosition': False, 'side': 'BUY', 'positionSide': 'BOTH', 'stopPrice': '0.00', 'workingType': 'CONTRACT_PRICE', 'priceProtect': False, 'origType': 'MARKET', 'priceMatch': 'NONE', 'selfTradePreventionMode': 'EXPIRE_MAKER', 'goodTillDate': 0, 'updateTime': 1768057258724}
2026-01-10 20:51:05,864 - INFO - Market BUY ETHUSDT qty=1.0 \u2192 SUCCESS: {'orderId': 8032405077, 'symbol': 'ETHUSDT', 'status': 'NEW', 'clientOrderId': 'x-Cb7ytekJ45a49f181a7ff04605679c', 'price': '0.00', 'avgPrice': '0.00', 'origQty': '1.000', 'executedQty': '0.000', 'cumQty': '0.000', 'cumQuote': '0.00000', 'timeInForce': 'GTC', 'type': 'MARKET', 'reduceOnly': False, 'closePosition': False, 'side': 'BUY', 'positionSide': 'BOTH', 'stopPrice': '0.00', 'workingType': 'CONTRACT_PRICE', 'priceProtect': False, 'origType': 'MARKET', 'priceMatch': 'NONE', 'selfTradePreventionMode': 'EXPIRE_MAKER', 'goodTillDate': 0, 'updateTime': 1768058466475}
2026-01-10 20:53:59,714 - INFO - Market SELL ETHUSDT qty=2.0 \u2192 SUCCESS: {'orderId': 8032428190, 'symbol': 'ETHUSDT', 'status': 'NEW', 'clientOrderId': 'x-Cb7ytekJ2841380d8ed5e67135f791', 'price': '0.00', 'avgPrice': '0.00', 'origQty': '2.000', 'executedQty': '0.000', 'cumQty': '0.000', 'cumQuote': '0.00000', 'timeInForce': 'GTC', 'type': 'MARKET', 'reduceOnly': False, 'closePosition': False, 'side': 'SELL', 'positionSide': 'BOTH', 'stopPrice': '0.00', 'workingType': 'CONTRACT_PRICE', 'priceProtect': False, 'origType': 'MARKET', 'priceMatch': 'NONE', 'selfTradePreventionMode': 'EXPIRE_MAKER', 'goodTillDate': 0, 'updateTime': 1768058640324}

